<?xml version="1.0" encoding="UTF-8"?>
<testsuite xmlns:xsi="http://www.w3.org/2001/XMLSchema-instance" xsi:noNamespaceSchemaLocation="https://maven.apache.org/surefire/maven-surefire-plugin/xsd/surefire-test-report-3.0.xsd" version="3.0" name="rakuten.zeromanual.mynotify.MyNotifyRunner" time="7.222" tests="12" errors="0" skipped="0" failures="0">
  <properties>
    <property name="java.specification.version" value="17"/>
    <property name="sun.cpu.isalist" value="amd64"/>
    <property name="sun.jnu.encoding" value="MS932"/>
    <property name="java.class.path" value="C:\Users\os-tingting.liu\Downloads\test-automation-karate-feature-extent-report-yanni\target\test-classes;C:\Users\os-tingting.liu\Downloads\test-automation-karate-feature-extent-report-yanni\target\classes;C:\Users\os-tingting.liu\.m2\repository\com\intuit\karate\karate-junit5\1.4.1\karate-junit5-1.4.1.jar;C:\Users\os-tingting.liu\.m2\repository\com\intuit\karate\karate-core\1.4.1\karate-core-1.4.1.jar;C:\Users\os-tingting.liu\.m2\repository\org\graalvm\js\js-scriptengine\22.3.3\js-scriptengine-22.3.3.jar;C:\Users\os-tingting.liu\.m2\repository\org\graalvm\sdk\graal-sdk\22.3.3\graal-sdk-22.3.3.jar;C:\Users\os-tingting.liu\.m2\repository\org\graalvm\js\js\22.3.3\js-22.3.3.jar;C:\Users\os-tingting.liu\.m2\repository\org\graalvm\regex\regex\22.3.3\regex-22.3.3.jar;C:\Users\os-tingting.liu\.m2\repository\org\graalvm\truffle\truffle-api\22.3.3\truffle-api-22.3.3.jar;C:\Users\os-tingting.liu\.m2\repository\com\ibm\icu\icu4j\71.1\icu4j-71.1.jar;C:\Users\os-tingting.liu\.m2\repository\org\thymeleaf\thymeleaf\3.1.2.RELEASE\thymeleaf-3.1.2.RELEASE.jar;C:\Users\os-tingting.liu\.m2\repository\ognl\ognl\3.3.4\ognl-3.3.4.jar;C:\Users\os-tingting.liu\.m2\repository\org\javassist\javassist\3.29.0-GA\javassist-3.29.0-GA.jar;C:\Users\os-tingting.liu\.m2\repository\org\attoparser\attoparser\2.0.7.RELEASE\attoparser-2.0.7.RELEASE.jar;C:\Users\os-tingting.liu\.m2\repository\org\unbescape\unbescape\1.1.6.RELEASE\unbescape-1.1.6.RELEASE.jar;C:\Users\os-tingting.liu\.m2\repository\org\slf4j\slf4j-api\2.0.7\slf4j-api-2.0.7.jar;C:\Users\os-tingting.liu\.m2\repository\com\linecorp\armeria\armeria\1.25.2\armeria-1.25.2.jar;C:\Users\os-tingting.liu\.m2\repository\com\fasterxml\jackson\core\jackson-core\2.15.2\jackson-core-2.15.2.jar;C:\Users\os-tingting.liu\.m2\repository\com\fasterxml\jackson\core\jackson-annotations\2.15.2\jackson-annotations-2.15.2.jar;C:\Users\os-tingting.liu\.m2\repository\com\fasterxml\jackson\core\jackson-databind\2.15.2\jackson-databind-2.15.2.jar;C:\Users\os-tingting.liu\.m2\repository\com\fasterxml\jackson\datatype\jackson-datatype-jdk8\2.15.2\jackson-datatype-jdk8-2.15.2.jar;C:\Users\os-tingting.liu\.m2\repository\com\fasterxml\jackson\datatype\jackson-datatype-jsr310\2.15.2\jackson-datatype-jsr310-2.15.2.jar;C:\Users\os-tingting.liu\.m2\repository\io\micrometer\micrometer-core\1.11.3\micrometer-core-1.11.3.jar;C:\Users\os-tingting.liu\.m2\repository\io\micrometer\micrometer-commons\1.11.3\micrometer-commons-1.11.3.jar;C:\Users\os-tingting.liu\.m2\repository\io\micrometer\micrometer-observation\1.11.3\micrometer-observation-1.11.3.jar;C:\Users\os-tingting.liu\.m2\repository\org\hdrhistogram\HdrHistogram\2.1.12\HdrHistogram-2.1.12.jar;C:\Users\os-tingting.liu\.m2\repository\org\latencyutils\LatencyUtils\2.0.3\LatencyUtils-2.0.3.jar;C:\Users\os-tingting.liu\.m2\repository\io\netty\netty-transport\4.1.96.Final\netty-transport-4.1.96.Final.jar;C:\Users\os-tingting.liu\.m2\repository\io\netty\netty-common\4.1.96.Final\netty-common-4.1.96.Final.jar;C:\Users\os-tingting.liu\.m2\repository\io\netty\netty-buffer\4.1.96.Final\netty-buffer-4.1.96.Final.jar;C:\Users\os-tingting.liu\.m2\repository\io\netty\netty-resolver\4.1.96.Final\netty-resolver-4.1.96.Final.jar;C:\Users\os-tingting.liu\.m2\repository\io\netty\netty-codec-haproxy\4.1.96.Final\netty-codec-haproxy-4.1.96.Final.jar;C:\Users\os-tingting.liu\.m2\repository\io\netty\netty-codec\4.1.96.Final\netty-codec-4.1.96.Final.jar;C:\Users\os-tingting.liu\.m2\repository\io\netty\netty-codec-http2\4.1.96.Final\netty-codec-http2-4.1.96.Final.jar;C:\Users\os-tingting.liu\.m2\repository\io\netty\netty-handler\4.1.96.Final\netty-handler-4.1.96.Final.jar;C:\Users\os-tingting.liu\.m2\repository\io\netty\netty-codec-http\4.1.96.Final\netty-codec-http-4.1.96.Final.jar;C:\Users\os-tingting.liu\.m2\repository\io\netty\netty-resolver-dns\4.1.96.Final\netty-resolver-dns-4.1.96.Final.jar;C:\Users\os-tingting.liu\.m2\repository\io\netty\netty-codec-dns\4.1.96.Final\netty-codec-dns-4.1.96.Final.jar;C:\Users\os-tingting.liu\.m2\repository\com\google\code\findbugs\jsr305\3.0.2\jsr305-3.0.2.jar;C:\Users\os-tingting.liu\.m2\repository\io\netty\netty-handler-proxy\4.1.96.Final\netty-handler-proxy-4.1.96.Final.jar;C:\Users\os-tingting.liu\.m2\repository\io\netty\netty-codec-socks\4.1.96.Final\netty-codec-socks-4.1.96.Final.jar;C:\Users\os-tingting.liu\.m2\repository\io\netty\netty-transport-native-unix-common\4.1.96.Final\netty-transport-native-unix-common-4.1.96.Final-linux-x86_64.jar;C:\Users\os-tingting.liu\.m2\repository\io\netty\netty-transport-native-epoll\4.1.96.Final\netty-transport-native-epoll-4.1.96.Final-linux-x86_64.jar;C:\Users\os-tingting.liu\.m2\repository\io\netty\netty-transport-native-unix-common\4.1.96.Final\netty-transport-native-unix-common-4.1.96.Final.jar;C:\Users\os-tingting.liu\.m2\repository\io\netty\netty-transport-classes-epoll\4.1.96.Final\netty-transport-classes-epoll-4.1.96.Final.jar;C:\Users\os-tingting.liu\.m2\repository\io\netty\netty-transport-native-unix-common\4.1.96.Final\netty-transport-native-unix-common-4.1.96.Final-linux-aarch_64.jar;C:\Users\os-tingting.liu\.m2\repository\io\netty\netty-transport-native-epoll\4.1.96.Final\netty-transport-native-epoll-4.1.96.Final-linux-aarch_64.jar;C:\Users\os-tingting.liu\.m2\repository\io\netty\netty-transport-native-unix-common\4.1.96.Final\netty-transport-native-unix-common-4.1.96.Final-osx-x86_64.jar;C:\Users\os-tingting.liu\.m2\repository\io\netty\netty-transport-native-kqueue\4.1.96.Final\netty-transport-native-kqueue-4.1.96.Final-osx-x86_64.jar;C:\Users\os-tingting.liu\.m2\repository\io\netty\netty-transport-classes-kqueue\4.1.96.Final\netty-transport-classes-kqueue-4.1.96.Final.jar;C:\Users\os-tingting.liu\.m2\repository\io\netty\netty-resolver-dns-native-macos\4.1.96.Final\netty-resolver-dns-native-macos-4.1.96.Final-osx-x86_64.jar;C:\Users\os-tingting.liu\.m2\repository\io\netty\netty-resolver-dns-classes-macos\4.1.96.Final\netty-resolver-dns-classes-macos-4.1.96.Final.jar;C:\Users\os-tingting.liu\.m2\repository\io\netty\netty-transport-native-unix-common\4.1.96.Final\netty-transport-native-unix-common-4.1.96.Final-osx-aarch_64.jar;C:\Users\os-tingting.liu\.m2\repository\io\netty\netty-transport-native-kqueue\4.1.96.Final\netty-transport-native-kqueue-4.1.96.Final-osx-aarch_64.jar;C:\Users\os-tingting.liu\.m2\repository\io\netty\netty-resolver-dns-native-macos\4.1.96.Final\netty-resolver-dns-native-macos-4.1.96.Final-osx-aarch_64.jar;C:\Users\os-tingting.liu\.m2\repository\io\netty\netty-tcnative-boringssl-static\2.0.61.Final\netty-tcnative-boringssl-static-2.0.61.Final-linux-x86_64.jar;C:\Users\os-tingting.liu\.m2\repository\io\netty\netty-tcnative-classes\2.0.61.Final\netty-tcnative-classes-2.0.61.Final.jar;C:\Users\os-tingting.liu\.m2\repository\io\netty\netty-tcnative-boringssl-static\2.0.61.Final\netty-tcnative-boringssl-static-2.0.61.Final-linux-aarch_64.jar;C:\Users\os-tingting.liu\.m2\repository\io\netty\netty-tcnative-boringssl-static\2.0.61.Final\netty-tcnative-boringssl-static-2.0.61.Final-osx-x86_64.jar;C:\Users\os-tingting.liu\.m2\repository\io\netty\netty-tcnative-boringssl-static\2.0.61.Final\netty-tcnative-boringssl-static-2.0.61.Final-osx-aarch_64.jar;C:\Users\os-tingting.liu\.m2\repository\io\netty\netty-tcnative-boringssl-static\2.0.61.Final\netty-tcnative-boringssl-static-2.0.61.Final-windows-x86_64.jar;C:\Users\os-tingting.liu\.m2\repository\com\aayushatharva\brotli4j\brotli4j\1.12.0\brotli4j-1.12.0.jar;C:\Users\os-tingting.liu\.m2\repository\com\aayushatharva\brotli4j\service\1.12.0\service-1.12.0.jar;C:\Users\os-tingting.liu\.m2\repository\com\aayushatharva\brotli4j\native-windows-x86_64\1.12.0\native-windows-x86_64-1.12.0.jar;C:\Users\os-tingting.liu\.m2\repository\org\apache\httpcomponents\httpclient\4.5.14\httpclient-4.5.14.jar;C:\Users\os-tingting.liu\.m2\repository\org\apache\httpcomponents\httpcore\4.4.16\httpcore-4.4.16.jar;C:\Users\os-tingting.liu\.m2\repository\commons-codec\commons-codec\1.16.0\commons-codec-1.16.0.jar;C:\Users\os-tingting.liu\.m2\repository\ch\qos\logback\logback-classic\1.4.11\logback-classic-1.4.11.jar;C:\Users\os-tingting.liu\.m2\repository\ch\qos\logback\logback-core\1.4.11\logback-core-1.4.11.jar;C:\Users\os-tingting.liu\.m2\repository\org\slf4j\jcl-over-slf4j\2.0.9\jcl-over-slf4j-2.0.9.jar;C:\Users\os-tingting.liu\.m2\repository\org\antlr\antlr4-runtime\4.11.1\antlr4-runtime-4.11.1.jar;C:\Users\os-tingting.liu\.m2\repository\com\jayway\jsonpath\json-path\2.8.0\json-path-2.8.0.jar;C:\Users\os-tingting.liu\.m2\repository\net\minidev\json-smart\2.4.10\json-smart-2.4.10.jar;C:\Users\os-tingting.liu\.m2\repository\net\minidev\accessors-smart\2.4.9\accessors-smart-2.4.9.jar;C:\Users\os-tingting.liu\.m2\repository\org\ow2\asm\asm\9.3\asm-9.3.jar;C:\Users\os-tingting.liu\.m2\repository\org\yaml\snakeyaml\2.0\snakeyaml-2.0.jar;C:\Users\os-tingting.liu\.m2\repository\de\siegmar\fastcsv\2.2.1\fastcsv-2.2.1.jar;C:\Users\os-tingting.liu\.m2\repository\info\picocli\picocli\4.7.1\picocli-4.7.1.jar;C:\Users\os-tingting.liu\.m2\repository\io\github\classgraph\classgraph\4.8.160\classgraph-4.8.160.jar;C:\Users\os-tingting.liu\.m2\repository\io\github\t12y\resemble\1.0.2\resemble-1.0.2.jar;C:\Users\os-tingting.liu\.m2\repository\io\github\t12y\ssim\1.0.0\ssim-1.0.0.jar;C:\Users\os-tingting.liu\.m2\repository\org\junit\jupiter\junit-jupiter-api\5.9.3\junit-jupiter-api-5.9.3.jar;C:\Users\os-tingting.liu\.m2\repository\org\opentest4j\opentest4j\1.2.0\opentest4j-1.2.0.jar;C:\Users\os-tingting.liu\.m2\repository\org\junit\platform\junit-platform-commons\1.9.3\junit-platform-commons-1.9.3.jar;C:\Users\os-tingting.liu\.m2\repository\org\apiguardian\apiguardian-api\1.1.2\apiguardian-api-1.1.2.jar;C:\Users\os-tingting.liu\.m2\repository\org\junit\jupiter\junit-jupiter-engine\5.9.3\junit-jupiter-engine-5.9.3.jar;C:\Users\os-tingting.liu\.m2\repository\org\junit\platform\junit-platform-engine\1.9.3\junit-platform-engine-1.9.3.jar;C:\Users\os-tingting.liu\.m2\repository\com\aventstack\extentreports\5.1.1\extentreports-5.1.1.jar;C:\Users\os-tingting.liu\.m2\repository\io\reactivex\rxjava3\rxjava\3.1.6\rxjava-3.1.6.jar;C:\Users\os-tingting.liu\.m2\repository\org\reactivestreams\reactive-streams\1.0.4\reactive-streams-1.0.4.jar;C:\Users\os-tingting.liu\.m2\repository\org\freemarker\freemarker\2.3.32\freemarker-2.3.32.jar;C:\Users\os-tingting.liu\.m2\repository\com\google\code\gson\gson\2.10.1\gson-2.10.1.jar;C:\Users\os-tingting.liu\.m2\repository\org\projectlombok\lombok\1.18.32\lombok-1.18.32.jar;"/>
    <property name="java.vm.vendor" value="Oracle Corporation"/>
    <property name="sun.arch.data.model" value="64"/>
    <property name="user.variant" value=""/>
    <property name="java.vendor.url" value="https://java.oracle.com/"/>
    <property name="user.timezone" value="Asia/Tokyo"/>
    <property name="os.name" value="Windows 10"/>
    <property name="java.vm.specification.version" value="17"/>
    <property name="sun.java.launcher" value="SUN_STANDARD"/>
    <property name="user.country" value="US"/>
    <property name="sun.boot.library.path" value="C:\Program Files\Java\jdk-17\bin"/>
    <property name="sun.java.command" value="C:\Users\os-tingting.liu\AppData\Local\Temp\surefire5365867928762373008\surefirebooter-20240614202213793_3.jar C:\Users\os-tingting.liu\AppData\Local\Temp\surefire5365867928762373008 2024-06-14T20-22-13_548-jvmRun1 surefire-20240614202213793_1tmp surefire_0-20240614202213793_2tmp"/>
    <property name="jdk.debug" value="release"/>
    <property name="test" value="MyNotifyRunner#scenario"/>
    <property name="api.proxy" value="http://stg-proxy.travel.rakuten.co.jp:9050"/>
    <property name="surefire.test.class.path" value="C:\Users\os-tingting.liu\Downloads\test-automation-karate-feature-extent-report-yanni\target\test-classes;C:\Users\os-tingting.liu\Downloads\test-automation-karate-feature-extent-report-yanni\target\classes;C:\Users\os-tingting.liu\.m2\repository\com\intuit\karate\karate-junit5\1.4.1\karate-junit5-1.4.1.jar;C:\Users\os-tingting.liu\.m2\repository\com\intuit\karate\karate-core\1.4.1\karate-core-1.4.1.jar;C:\Users\os-tingting.liu\.m2\repository\org\graalvm\js\js-scriptengine\22.3.3\js-scriptengine-22.3.3.jar;C:\Users\os-tingting.liu\.m2\repository\org\graalvm\sdk\graal-sdk\22.3.3\graal-sdk-22.3.3.jar;C:\Users\os-tingting.liu\.m2\repository\org\graalvm\js\js\22.3.3\js-22.3.3.jar;C:\Users\os-tingting.liu\.m2\repository\org\graalvm\regex\regex\22.3.3\regex-22.3.3.jar;C:\Users\os-tingting.liu\.m2\repository\org\graalvm\truffle\truffle-api\22.3.3\truffle-api-22.3.3.jar;C:\Users\os-tingting.liu\.m2\repository\com\ibm\icu\icu4j\71.1\icu4j-71.1.jar;C:\Users\os-tingting.liu\.m2\repository\org\thymeleaf\thymeleaf\3.1.2.RELEASE\thymeleaf-3.1.2.RELEASE.jar;C:\Users\os-tingting.liu\.m2\repository\ognl\ognl\3.3.4\ognl-3.3.4.jar;C:\Users\os-tingting.liu\.m2\repository\org\javassist\javassist\3.29.0-GA\javassist-3.29.0-GA.jar;C:\Users\os-tingting.liu\.m2\repository\org\attoparser\attoparser\2.0.7.RELEASE\attoparser-2.0.7.RELEASE.jar;C:\Users\os-tingting.liu\.m2\repository\org\unbescape\unbescape\1.1.6.RELEASE\unbescape-1.1.6.RELEASE.jar;C:\Users\os-tingting.liu\.m2\repository\org\slf4j\slf4j-api\2.0.7\slf4j-api-2.0.7.jar;C:\Users\os-tingting.liu\.m2\repository\com\linecorp\armeria\armeria\1.25.2\armeria-1.25.2.jar;C:\Users\os-tingting.liu\.m2\repository\com\fasterxml\jackson\core\jackson-core\2.15.2\jackson-core-2.15.2.jar;C:\Users\os-tingting.liu\.m2\repository\com\fasterxml\jackson\core\jackson-annotations\2.15.2\jackson-annotations-2.15.2.jar;C:\Users\os-tingting.liu\.m2\repository\com\fasterxml\jackson\core\jackson-databind\2.15.2\jackson-databind-2.15.2.jar;C:\Users\os-tingting.liu\.m2\repository\com\fasterxml\jackson\datatype\jackson-datatype-jdk8\2.15.2\jackson-datatype-jdk8-2.15.2.jar;C:\Users\os-tingting.liu\.m2\repository\com\fasterxml\jackson\datatype\jackson-datatype-jsr310\2.15.2\jackson-datatype-jsr310-2.15.2.jar;C:\Users\os-tingting.liu\.m2\repository\io\micrometer\micrometer-core\1.11.3\micrometer-core-1.11.3.jar;C:\Users\os-tingting.liu\.m2\repository\io\micrometer\micrometer-commons\1.11.3\micrometer-commons-1.11.3.jar;C:\Users\os-tingting.liu\.m2\repository\io\micrometer\micrometer-observation\1.11.3\micrometer-observation-1.11.3.jar;C:\Users\os-tingting.liu\.m2\repository\org\hdrhistogram\HdrHistogram\2.1.12\HdrHistogram-2.1.12.jar;C:\Users\os-tingting.liu\.m2\repository\org\latencyutils\LatencyUtils\2.0.3\LatencyUtils-2.0.3.jar;C:\Users\os-tingting.liu\.m2\repository\io\netty\netty-transport\4.1.96.Final\netty-transport-4.1.96.Final.jar;C:\Users\os-tingting.liu\.m2\repository\io\netty\netty-common\4.1.96.Final\netty-common-4.1.96.Final.jar;C:\Users\os-tingting.liu\.m2\repository\io\netty\netty-buffer\4.1.96.Final\netty-buffer-4.1.96.Final.jar;C:\Users\os-tingting.liu\.m2\repository\io\netty\netty-resolver\4.1.96.Final\netty-resolver-4.1.96.Final.jar;C:\Users\os-tingting.liu\.m2\repository\io\netty\netty-codec-haproxy\4.1.96.Final\netty-codec-haproxy-4.1.96.Final.jar;C:\Users\os-tingting.liu\.m2\repository\io\netty\netty-codec\4.1.96.Final\netty-codec-4.1.96.Final.jar;C:\Users\os-tingting.liu\.m2\repository\io\netty\netty-codec-http2\4.1.96.Final\netty-codec-http2-4.1.96.Final.jar;C:\Users\os-tingting.liu\.m2\repository\io\netty\netty-handler\4.1.96.Final\netty-handler-4.1.96.Final.jar;C:\Users\os-tingting.liu\.m2\repository\io\netty\netty-codec-http\4.1.96.Final\netty-codec-http-4.1.96.Final.jar;C:\Users\os-tingting.liu\.m2\repository\io\netty\netty-resolver-dns\4.1.96.Final\netty-resolver-dns-4.1.96.Final.jar;C:\Users\os-tingting.liu\.m2\repository\io\netty\netty-codec-dns\4.1.96.Final\netty-codec-dns-4.1.96.Final.jar;C:\Users\os-tingting.liu\.m2\repository\com\google\code\findbugs\jsr305\3.0.2\jsr305-3.0.2.jar;C:\Users\os-tingting.liu\.m2\repository\io\netty\netty-handler-proxy\4.1.96.Final\netty-handler-proxy-4.1.96.Final.jar;C:\Users\os-tingting.liu\.m2\repository\io\netty\netty-codec-socks\4.1.96.Final\netty-codec-socks-4.1.96.Final.jar;C:\Users\os-tingting.liu\.m2\repository\io\netty\netty-transport-native-unix-common\4.1.96.Final\netty-transport-native-unix-common-4.1.96.Final-linux-x86_64.jar;C:\Users\os-tingting.liu\.m2\repository\io\netty\netty-transport-native-epoll\4.1.96.Final\netty-transport-native-epoll-4.1.96.Final-linux-x86_64.jar;C:\Users\os-tingting.liu\.m2\repository\io\netty\netty-transport-native-unix-common\4.1.96.Final\netty-transport-native-unix-common-4.1.96.Final.jar;C:\Users\os-tingting.liu\.m2\repository\io\netty\netty-transport-classes-epoll\4.1.96.Final\netty-transport-classes-epoll-4.1.96.Final.jar;C:\Users\os-tingting.liu\.m2\repository\io\netty\netty-transport-native-unix-common\4.1.96.Final\netty-transport-native-unix-common-4.1.96.Final-linux-aarch_64.jar;C:\Users\os-tingting.liu\.m2\repository\io\netty\netty-transport-native-epoll\4.1.96.Final\netty-transport-native-epoll-4.1.96.Final-linux-aarch_64.jar;C:\Users\os-tingting.liu\.m2\repository\io\netty\netty-transport-native-unix-common\4.1.96.Final\netty-transport-native-unix-common-4.1.96.Final-osx-x86_64.jar;C:\Users\os-tingting.liu\.m2\repository\io\netty\netty-transport-native-kqueue\4.1.96.Final\netty-transport-native-kqueue-4.1.96.Final-osx-x86_64.jar;C:\Users\os-tingting.liu\.m2\repository\io\netty\netty-transport-classes-kqueue\4.1.96.Final\netty-transport-classes-kqueue-4.1.96.Final.jar;C:\Users\os-tingting.liu\.m2\repository\io\netty\netty-resolver-dns-native-macos\4.1.96.Final\netty-resolver-dns-native-macos-4.1.96.Final-osx-x86_64.jar;C:\Users\os-tingting.liu\.m2\repository\io\netty\netty-resolver-dns-classes-macos\4.1.96.Final\netty-resolver-dns-classes-macos-4.1.96.Final.jar;C:\Users\os-tingting.liu\.m2\repository\io\netty\netty-transport-native-unix-common\4.1.96.Final\netty-transport-native-unix-common-4.1.96.Final-osx-aarch_64.jar;C:\Users\os-tingting.liu\.m2\repository\io\netty\netty-transport-native-kqueue\4.1.96.Final\netty-transport-native-kqueue-4.1.96.Final-osx-aarch_64.jar;C:\Users\os-tingting.liu\.m2\repository\io\netty\netty-resolver-dns-native-macos\4.1.96.Final\netty-resolver-dns-native-macos-4.1.96.Final-osx-aarch_64.jar;C:\Users\os-tingting.liu\.m2\repository\io\netty\netty-tcnative-boringssl-static\2.0.61.Final\netty-tcnative-boringssl-static-2.0.61.Final-linux-x86_64.jar;C:\Users\os-tingting.liu\.m2\repository\io\netty\netty-tcnative-classes\2.0.61.Final\netty-tcnative-classes-2.0.61.Final.jar;C:\Users\os-tingting.liu\.m2\repository\io\netty\netty-tcnative-boringssl-static\2.0.61.Final\netty-tcnative-boringssl-static-2.0.61.Final-linux-aarch_64.jar;C:\Users\os-tingting.liu\.m2\repository\io\netty\netty-tcnative-boringssl-static\2.0.61.Final\netty-tcnative-boringssl-static-2.0.61.Final-osx-x86_64.jar;C:\Users\os-tingting.liu\.m2\repository\io\netty\netty-tcnative-boringssl-static\2.0.61.Final\netty-tcnative-boringssl-static-2.0.61.Final-osx-aarch_64.jar;C:\Users\os-tingting.liu\.m2\repository\io\netty\netty-tcnative-boringssl-static\2.0.61.Final\netty-tcnative-boringssl-static-2.0.61.Final-windows-x86_64.jar;C:\Users\os-tingting.liu\.m2\repository\com\aayushatharva\brotli4j\brotli4j\1.12.0\brotli4j-1.12.0.jar;C:\Users\os-tingting.liu\.m2\repository\com\aayushatharva\brotli4j\service\1.12.0\service-1.12.0.jar;C:\Users\os-tingting.liu\.m2\repository\com\aayushatharva\brotli4j\native-windows-x86_64\1.12.0\native-windows-x86_64-1.12.0.jar;C:\Users\os-tingting.liu\.m2\repository\org\apache\httpcomponents\httpclient\4.5.14\httpclient-4.5.14.jar;C:\Users\os-tingting.liu\.m2\repository\org\apache\httpcomponents\httpcore\4.4.16\httpcore-4.4.16.jar;C:\Users\os-tingting.liu\.m2\repository\commons-codec\commons-codec\1.16.0\commons-codec-1.16.0.jar;C:\Users\os-tingting.liu\.m2\repository\ch\qos\logback\logback-classic\1.4.11\logback-classic-1.4.11.jar;C:\Users\os-tingting.liu\.m2\repository\ch\qos\logback\logback-core\1.4.11\logback-core-1.4.11.jar;C:\Users\os-tingting.liu\.m2\repository\org\slf4j\jcl-over-slf4j\2.0.9\jcl-over-slf4j-2.0.9.jar;C:\Users\os-tingting.liu\.m2\repository\org\antlr\antlr4-runtime\4.11.1\antlr4-runtime-4.11.1.jar;C:\Users\os-tingting.liu\.m2\repository\com\jayway\jsonpath\json-path\2.8.0\json-path-2.8.0.jar;C:\Users\os-tingting.liu\.m2\repository\net\minidev\json-smart\2.4.10\json-smart-2.4.10.jar;C:\Users\os-tingting.liu\.m2\repository\net\minidev\accessors-smart\2.4.9\accessors-smart-2.4.9.jar;C:\Users\os-tingting.liu\.m2\repository\org\ow2\asm\asm\9.3\asm-9.3.jar;C:\Users\os-tingting.liu\.m2\repository\org\yaml\snakeyaml\2.0\snakeyaml-2.0.jar;C:\Users\os-tingting.liu\.m2\repository\de\siegmar\fastcsv\2.2.1\fastcsv-2.2.1.jar;C:\Users\os-tingting.liu\.m2\repository\info\picocli\picocli\4.7.1\picocli-4.7.1.jar;C:\Users\os-tingting.liu\.m2\repository\io\github\classgraph\classgraph\4.8.160\classgraph-4.8.160.jar;C:\Users\os-tingting.liu\.m2\repository\io\github\t12y\resemble\1.0.2\resemble-1.0.2.jar;C:\Users\os-tingting.liu\.m2\repository\io\github\t12y\ssim\1.0.0\ssim-1.0.0.jar;C:\Users\os-tingting.liu\.m2\repository\org\junit\jupiter\junit-jupiter-api\5.9.3\junit-jupiter-api-5.9.3.jar;C:\Users\os-tingting.liu\.m2\repository\org\opentest4j\opentest4j\1.2.0\opentest4j-1.2.0.jar;C:\Users\os-tingting.liu\.m2\repository\org\junit\platform\junit-platform-commons\1.9.3\junit-platform-commons-1.9.3.jar;C:\Users\os-tingting.liu\.m2\repository\org\apiguardian\apiguardian-api\1.1.2\apiguardian-api-1.1.2.jar;C:\Users\os-tingting.liu\.m2\repository\org\junit\jupiter\junit-jupiter-engine\5.9.3\junit-jupiter-engine-5.9.3.jar;C:\Users\os-tingting.liu\.m2\repository\org\junit\platform\junit-platform-engine\1.9.3\junit-platform-engine-1.9.3.jar;C:\Users\os-tingting.liu\.m2\repository\com\aventstack\extentreports\5.1.1\extentreports-5.1.1.jar;C:\Users\os-tingting.liu\.m2\repository\io\reactivex\rxjava3\rxjava\3.1.6\rxjava-3.1.6.jar;C:\Users\os-tingting.liu\.m2\repository\org\reactivestreams\reactive-streams\1.0.4\reactive-streams-1.0.4.jar;C:\Users\os-tingting.liu\.m2\repository\org\freemarker\freemarker\2.3.32\freemarker-2.3.32.jar;C:\Users\os-tingting.liu\.m2\repository\com\google\code\gson\gson\2.10.1\gson-2.10.1.jar;C:\Users\os-tingting.liu\.m2\repository\org\projectlombok\lombok\1.18.32\lombok-1.18.32.jar;"/>
    <property name="sun.cpu.endian" value="little"/>
    <property name="user.home" value="C:\Users\os-tingting.liu"/>
    <property name="user.language" value="en"/>
    <property name="java.specification.vendor" value="Oracle Corporation"/>
    <property name="java.version.date" value="2024-04-16"/>
    <property name="java.home" value="C:\Program Files\Java\jdk-17"/>
    <property name="file.separator" value="\"/>
    <property name="basedir" value="C:\Users\os-tingting.liu\Downloads\test-automation-karate-feature-extent-report-yanni"/>
    <property name="java.vm.compressedOopsMode" value="32-bit"/>
    <property name="line.separator" value="&#10;"/>
    <property name="java.vm.specification.vendor" value="Oracle Corporation"/>
    <property name="java.specification.name" value="Java Platform API Specification"/>
    <property name="surefire.real.class.path" value="C:\Users\os-tingting.liu\AppData\Local\Temp\surefire5365867928762373008\surefirebooter-20240614202213793_3.jar"/>
    <property name="user.script" value=""/>
    <property name="sun.management.compiler" value="HotSpot 64-Bit Tiered Compilers"/>
    <property name="java.runtime.version" value="17.0.11+7-LTS-207"/>
    <property name="user.name" value="os-tingting.liu"/>
    <property name="path.separator" value=";"/>
    <property name="os.version" value="10.0"/>
    <property name="java.runtime.name" value="Java(TM) SE Runtime Environment"/>
    <property name="file.encoding" value="UTF-8"/>
    <property name="java.vm.name" value="Java HotSpot(TM) 64-Bit Server VM"/>
    <property name="localRepository" value="C:\Users\os-tingting.liu\.m2\repository"/>
    <property name="java.vendor.url.bug" value="https://bugreport.java.com/bugreport/"/>
    <property name="java.io.tmpdir" value="C:\Users\OS-TIN~1.LIU\AppData\Local\Temp\"/>
    <property name="java.version" value="17.0.11"/>
    <property name="user.dir" value="C:\Users\os-tingting.liu\Downloads\test-automation-karate-feature-extent-report-yanni"/>
    <property name="os.arch" value="amd64"/>
    <property name="java.vm.specification.name" value="Java Virtual Machine Specification"/>
    <property name="sun.os.patch.level" value=""/>
    <property name="native.encoding" value="MS932"/>
    <property name="java.library.path" value="C:\Program Files\Java\jdk-17\bin;C:\Windows\Sun\Java\bin;C:\Windows\system32;C:\Windows;C:\Program Files\Common Files\Oracle\Java\javapath;C:\Program Files\Java\jdk-17\bin;C:\Python312\Scripts\;C:\Python312\;C:\Windows\system32;C:\Windows;C:\Windows\System32\Wbem;C:\Windows\System32\WindowsPowerShell\v1.0\;C:\Windows\System32\OpenSSH\;C:\Program Files (x86)\Box\Box Edit\;C:\Program Files\nodejs\;C:\ProgramData\chocolatey\bin;C:\Users\os-tingting.liu\Downloads\apache-maven-3.9.7-bin\apache-maven-3.9.7\bin\;C:\Users\os-tingting.liu\AppData\Local\Microsoft\WindowsApps;C:\Users\os-tingting.liu\AppData\Roaming\npm;C:\Program Files\Java\jdk1.8.0_202\bin;C:\Users\os-tingting.liu\AppData\Local\Programs\Microsoft VS Code\bin;."/>
    <property name="java.vm.info" value="mixed mode, sharing"/>
    <property name="java.vendor" value="Oracle Corporation"/>
    <property name="java.vm.version" value="17.0.11+7-LTS-207"/>
    <property name="report" value="C:\Users\os-tingting.liu\Documents\report"/>
    <property name="sun.io.unicode.encoding" value="UnicodeLittle"/>
    <property name="java.class.version" value="61.0"/>
  </properties>
  <testcase name="[1.1:19] TC001-IosDevicewithPutNormalPattern" classname="rakuten/zeromanual/mynotify/mynotify" time="1.357">
    <system-out><![CDATA[20:22:17.122 [main] INFO  com.intuit.karate - Initializing extent report...
20:22:17.311 [main] INFO  com.intuit.karate - Extent report is created in C:\Users\os-tingting.liu\Documents\report\Extent_Report.html
20:22:17.405 [main] INFO  com.intuit.karate - karate.env system property was: null 
20:22:17.412 [main] INFO  com.intuit.karate - karate.api.proxy system property was: http://stg-proxy.travel.rakuten.co.jp:9050 
20:22:17.423 [main] INFO  com.intuit.karate - karate.ui.proxy system property was: null 
20:22:17.424 [main] INFO  com.intuit.karate - karate.ui.showBrowser system property was: null 
20:22:17.816 [main] INFO  com.intuit.karate - [print] http://stg-proxy.travel.rakuten.co.jp:9050 
20:22:18.310 [main] INFO  com.intuit.karate - [print] http://stg-atrmynotify101z.stg.jp.local/mynotify/iosDevice/put?rakuten_oauth_api=rakutentravel_myapi&akey=iv6k8rA&apiClientId=travel_ios&easyId=39209872&deviceToken=7d196b4f6d626982fdb1af46fb8f0b2ba4e9cec058103e3cc0added161722e39&pushType=0 
20:22:18.312 [main] INFO  com.intuit.karate - [print] 200 
20:22:18.314 [main] INFO  com.intuit.karate - [print] {
  "Header": {
    "Status": "Success"
  }
}
 
20:22:18.315 [main] INFO  com.intuit.karate - [print] #(read("response/scenario1/TC001-IosDevicewithPutNormalPattern.json")) 
]]></system-out>
  </testcase>
  <testcase name="[1.2:19] TC002-IosDevicewithPutErrorPattern" classname="rakuten/zeromanual/mynotify/mynotify" time="0.238">
    <system-out><![CDATA[20:22:18.501 [main] INFO  com.intuit.karate - karate.env system property was: null 
20:22:18.502 [main] INFO  com.intuit.karate - karate.api.proxy system property was: http://stg-proxy.travel.rakuten.co.jp:9050 
20:22:18.503 [main] INFO  com.intuit.karate - karate.ui.proxy system property was: null 
20:22:18.504 [main] INFO  com.intuit.karate - karate.ui.showBrowser system property was: null 
20:22:18.527 [main] INFO  com.intuit.karate - [print] http://stg-proxy.travel.rakuten.co.jp:9050 
20:22:18.625 [main] INFO  com.intuit.karate - [print] http://stg-atrmynotify101z.stg.jp.local/mynotify/iosDevice/put?rakuten_oauth_api=rakutentravel_myapi&akey=iv6k8rA&apiClientId=travel_ios&easyId=aaa&deviceToken=7d196b4f6d626982fdb1af46fb8f0b2ba4e9cec058103e3cc0added161722e39&pushType=0 
20:22:18.626 [main] INFO  com.intuit.karate - [print] 200 
20:22:18.626 [main] INFO  com.intuit.karate - [print] {
  "Header": {
    "Status": "ClientError",
    "StatusMsg": "EasyIDは長整数でなければいけません。"
  }
}
 
20:22:18.627 [main] INFO  com.intuit.karate - [print] #(read("response/scenario1/TC002-IosDevicewithPutErrorPattern.json")) 
]]></system-out>
  </testcase>
  <testcase name="[1.3:19] TC003-IosDevicewithGetNormalPattern" classname="rakuten/zeromanual/mynotify/mynotify" time="0.212">
    <system-out><![CDATA[20:22:18.725 [main] INFO  com.intuit.karate - karate.env system property was: null 
20:22:18.727 [main] INFO  com.intuit.karate - karate.api.proxy system property was: http://stg-proxy.travel.rakuten.co.jp:9050 
20:22:18.729 [main] INFO  com.intuit.karate - karate.ui.proxy system property was: null 
20:22:18.729 [main] INFO  com.intuit.karate - karate.ui.showBrowser system property was: null 
20:22:18.741 [main] INFO  com.intuit.karate - [print] http://stg-proxy.travel.rakuten.co.jp:9050 
20:22:18.808 [main] INFO  com.intuit.karate - [print] http://stg-atrmynotify101z.stg.jp.local/mynotify/iosDevice/get?rakuten_oauth_api=rakutentravel_myapi&akey=iv6k8rA&apiClientId=travel_ios&easyId=39209872&deviceToken=&pushType=0 
20:22:18.809 [main] INFO  com.intuit.karate - [print] 200 
20:22:18.809 [main] INFO  com.intuit.karate - [print] {
  "Body": {
    "device": [
      {
        "deviceToken": "7d196b4f6d626982fdb1af46fb8f0b2ba4e9cec058103e3cc0added161722e38",
        "pushType": 0
      },
      {
        "deviceToken": "7d196b4f6d626982fdb1af46fb8f0b2ba4e9cec058103e3cc0added161722e39",
        "pushType": 0
      }
    ]
  },
  "Header": {
    "Status": "Success"
  }
}
 
20:22:18.810 [main] INFO  com.intuit.karate - [print] #(read("response/scenario1/TC003-IosDevicewithGetNormalPattern.json")) 
]]></system-out>
  </testcase>
  <testcase name="[1.4:19] TC004-IosDevicewithGetErrorPattern" classname="rakuten/zeromanual/mynotify/mynotify" time="0.201">
    <system-out><![CDATA[20:22:18.939 [main] INFO  com.intuit.karate - karate.env system property was: null 
20:22:18.940 [main] INFO  com.intuit.karate - karate.api.proxy system property was: http://stg-proxy.travel.rakuten.co.jp:9050 
20:22:18.940 [main] INFO  com.intuit.karate - karate.ui.proxy system property was: null 
20:22:18.941 [main] INFO  com.intuit.karate - karate.ui.showBrowser system property was: null 
20:22:18.954 [main] INFO  com.intuit.karate - [print] http://stg-proxy.travel.rakuten.co.jp:9050 
20:22:19.035 [main] INFO  com.intuit.karate - [print] http://stg-atrmynotify101z.stg.jp.local/mynotify/iosDevice/get?rakuten_oauth_api=rakutentravel_myapi&akey=iv6k8rA&apiClientId=travel_ios&easyId=&deviceToken=861219f18c6d42183404d8e8d2ec8da7e552b5034264af23376bbfb37c8f7d54&pushType=0 
20:22:19.037 [main] INFO  com.intuit.karate - [print] 200 
20:22:19.038 [main] INFO  com.intuit.karate - [print] {
  "Header": {
    "Status": "ClientError",
    "StatusMsg": "EasyIDは必須です。"
  }
}
 
20:22:19.040 [main] INFO  com.intuit.karate - [print] #(read("response/scenario1/TC004-IosDevicewithGetErrorPattern.json")) 
]]></system-out>
  </testcase>
  <testcase name="[2.1:30] TC005-IosDevicewithDeleteNormalPattern" classname="rakuten/zeromanual/mynotify/mynotify" time="0.192">
    <system-out><![CDATA[20:22:19.145 [main] INFO  com.intuit.karate - karate.env system property was: null 
20:22:19.147 [main] INFO  com.intuit.karate - karate.api.proxy system property was: http://stg-proxy.travel.rakuten.co.jp:9050 
20:22:19.147 [main] INFO  com.intuit.karate - karate.ui.proxy system property was: null 
20:22:19.148 [main] INFO  com.intuit.karate - karate.ui.showBrowser system property was: null 
20:22:19.161 [main] INFO  com.intuit.karate - [print] http://stg-proxy.travel.rakuten.co.jp:9050 
20:22:19.227 [main] INFO  com.intuit.karate - [print] http://stg-atrmynotify101z.stg.jp.local/mynotify/iosDevice/delete?rakuten_oauth_api=rakutentravel_myapi&akey=iv6k8rA&apiClientId=travel_ios&easyId=39209872&deviceToken=7d196b4f6d626982fdb1af46fb8f0b2ba4e9cec058103e3cc0added161722e39&pushType=1 
20:22:19.229 [main] INFO  com.intuit.karate - [print] 200 
20:22:19.230 [main] INFO  com.intuit.karate - [print] {
  "Header": {
    "Status": "Success"
  }
}
 
20:22:19.230 [main] INFO  com.intuit.karate - [print] #(read("response/scenario1/TC005-IosDevicewithDeleteNormalPattern.json")) 
]]></system-out>
  </testcase>
  <testcase name="[2.2:30] TC006-IosDevicewithDeleteErrorPattern" classname="rakuten/zeromanual/mynotify/mynotify" time="0.201">
    <system-out><![CDATA[20:22:19.336 [main] INFO  com.intuit.karate - karate.env system property was: null 
20:22:19.337 [main] INFO  com.intuit.karate - karate.api.proxy system property was: http://stg-proxy.travel.rakuten.co.jp:9050 
20:22:19.337 [main] INFO  com.intuit.karate - karate.ui.proxy system property was: null 
20:22:19.338 [main] INFO  com.intuit.karate - karate.ui.showBrowser system property was: null 
20:22:19.351 [main] INFO  com.intuit.karate - [print] http://stg-proxy.travel.rakuten.co.jp:9050 
20:22:19.440 [main] INFO  com.intuit.karate - [print] http://stg-atrmynotify101z.stg.jp.local/mynotify/iosDevice/delete?rakuten_oauth_api=rakutentravel_myapi&akey=iv6k8rA&apiClientId=travel_ios&easyId=13634545&deviceToken=&pushType=1 
20:22:19.441 [main] INFO  com.intuit.karate - [print] 200 
20:22:19.442 [main] INFO  com.intuit.karate - [print] {
  "Header": {
    "Status": "ClientError",
    "StatusMsg": "デバイストークンは必須です。"
  }
}
 
20:22:19.443 [main] INFO  com.intuit.karate - [print] #(read("response/scenario1/TC006-IosDevicewithDeleteErrorPattern.json")) 
]]></system-out>
  </testcase>
  <testcase name="[3.1:41] TC001-AndroidDevicewithputNormalPattern" classname="rakuten/zeromanual/mynotify/mynotify" time="0.182">
    <system-out><![CDATA[20:22:19.537 [main] INFO  com.intuit.karate - karate.env system property was: null 
20:22:19.538 [main] INFO  com.intuit.karate - karate.api.proxy system property was: http://stg-proxy.travel.rakuten.co.jp:9050 
20:22:19.539 [main] INFO  com.intuit.karate - karate.ui.proxy system property was: null 
20:22:19.539 [main] INFO  com.intuit.karate - karate.ui.showBrowser system property was: null 
20:22:19.562 [main] INFO  com.intuit.karate - [print] http://stg-proxy.travel.rakuten.co.jp:9050 
20:22:19.624 [main] INFO  com.intuit.karate - [print] http://stg-atrmynotify101z.stg.jp.local/mynotify/deviceLogin/put?rakuten_oauth_api=&akey=iv6k8rA&method=&apiClientId=travel_android&easyId=39209872 
20:22:19.625 [main] INFO  com.intuit.karate - [print] 200 
20:22:19.625 [main] INFO  com.intuit.karate - [print] {
  "Header": {
    "Status": "Success"
  }
}
 
20:22:19.626 [main] INFO  com.intuit.karate - [print] #(read("response/scenario2/TC001-AndroidDevicewithputNormalPattern.json")) 
]]></system-out>
  </testcase>
  <testcase name="[3.2:41] TC003-AndroidDevicewithindexNormalPattern" classname="rakuten/zeromanual/mynotify/mynotify" time="0.207">
    <system-out><![CDATA[20:22:19.727 [main] INFO  com.intuit.karate - karate.env system property was: null 
20:22:19.728 [main] INFO  com.intuit.karate - karate.api.proxy system property was: http://stg-proxy.travel.rakuten.co.jp:9050 
20:22:19.729 [main] INFO  com.intuit.karate - karate.ui.proxy system property was: null 
20:22:19.729 [main] INFO  com.intuit.karate - karate.ui.showBrowser system property was: null 
20:22:19.742 [main] INFO  com.intuit.karate - [print] http://stg-proxy.travel.rakuten.co.jp:9050 
20:22:19.815 [main] INFO  com.intuit.karate - [print] http://stg-atrmynotify101z.stg.jp.local/mynotify/deviceLogin/index?rakuten_oauth_api=rakutentravel_myapi&akey=aLknnlK&method=put&apiClientId=travel_android&easyId=39209872 
20:22:19.817 [main] INFO  com.intuit.karate - [print] 200 
20:22:19.817 [main] INFO  com.intuit.karate - [print] {
  "Header": {
    "Status": "Success"
  }
}
 
20:22:19.818 [main] INFO  com.intuit.karate - [print] #(read("response/scenario2/TC003-AndroidDevicewithindexNormalPattern.json")) 
]]></system-out>
  </testcase>
  <testcase name="[3.3:41] TC005-AndroidDevicewithdeleteNormalPattern" classname="rakuten/zeromanual/mynotify/mynotify" time="0.171">
    <system-out><![CDATA[20:22:19.932 [main] INFO  com.intuit.karate - karate.env system property was: null 
20:22:19.933 [main] INFO  com.intuit.karate - karate.api.proxy system property was: http://stg-proxy.travel.rakuten.co.jp:9050 
20:22:19.933 [main] INFO  com.intuit.karate - karate.ui.proxy system property was: null 
20:22:19.934 [main] INFO  com.intuit.karate - karate.ui.showBrowser system property was: null 
20:22:19.947 [main] INFO  com.intuit.karate - [print] http://stg-proxy.travel.rakuten.co.jp:9050 
20:22:20.009 [main] INFO  com.intuit.karate - [print] http://stg-atrmynotify101z.stg.jp.local/mynotify/deviceLogin/delete?rakuten_oauth_api=rakutentravel_myapi&akey=aLknnlK&method=delete&apiClientId=travel_android&easyId=39209872 
20:22:20.010 [main] INFO  com.intuit.karate - [print] 200 
20:22:20.010 [main] INFO  com.intuit.karate - [print] {
  "Header": {
    "Status": "Success"
  }
}
 
20:22:20.011 [main] INFO  com.intuit.karate - [print] #(read("response/scenario2/TC005-AndroidDevicewithdeleteNormalPattern.json")) 
]]></system-out>
  </testcase>
  <testcase name="[4.1:54] TC002-AndroidDevicewithputErrorPattern" classname="rakuten/zeromanual/mynotify/mynotify" time="0.184">
    <system-out><![CDATA[20:22:20.112 [main] INFO  com.intuit.karate - karate.env system property was: null 
20:22:20.113 [main] INFO  com.intuit.karate - karate.api.proxy system property was: http://stg-proxy.travel.rakuten.co.jp:9050 
20:22:20.114 [main] INFO  com.intuit.karate - karate.ui.proxy system property was: null 
20:22:20.115 [main] INFO  com.intuit.karate - karate.ui.showBrowser system property was: null 
20:22:20.129 [main] INFO  com.intuit.karate - [print] http://stg-proxy.travel.rakuten.co.jp:9050 
20:22:20.188 [main] INFO  com.intuit.karate - [print] http://stg-atrmynotify101z.stg.jp.local/mynotify/deviceLogin/put?rakuten_oauth_api=&akey=iv6k8rA&method=&apiClientId=travel_android&easyId=aaa 
20:22:20.190 [main] INFO  com.intuit.karate - [print] 404 
20:22:20.190 [main] INFO  com.intuit.karate - [print] <!DOCTYPE HTML PUBLIC "-//W3C//DTD HTML 4.01 Transitional//EN" "http://www.w3.org/TR/html4/loose.dtd">
<html lang="ja">
<head>
<meta http-equiv="Content-Type" content="text/html; charset=UTF-8">
<title> 楽天トラベル : 指定されたページが見つかりません（エラー404）</title>
<meta http-equiv="Content-Style-Type" content="text/css">
<style type="text/css">
<!--
h1,h2,h3,hr,ul,li,p {margin: 0; padding: 0;}
h1 {line-height: 1.1; margin: 0 5px; padding-top: 1.1em; font-size: 82%;}
h2 {color: #BF0000; font-size: 125%; border-top: 1px #71BF45 solid; padding: 10px 10px 0; line-height: 1.3;}
hr {display: none;}
#errorTxt {margin: 10px 0 0;}
.code{margin: 0; padding: 0 10px 10px; line-height: 1.3;}
.description{margin: 0px; padding: 10px; border-top: 1px #71BF45 solid; line-height: 1.3;}
.advice {margin: 0 30px 10px; list-style: disc; line-height: 1.3;}
#footer {border-top: 1px #999999 solid; padding: 10px 0 0; line-height: 1.4; font-size: 82%; text-align: center;}
-->
</style>
</head>
<body>
<h1><img src="/error/img/logo.gif" alt="楽天トラベル" width="81" height="43"></h1>
<hr>
<div id="errorTxt">
<h2>指定されたページが見つかりません</h2>
<p class="code">エラー ： 404 Not Found</p>
<p class="description">お手数ですが次のいずれかの方法でページをお探しください。<br>
なおリンクをクリックされていた場合、ページが削除された、またはURL（ページアドレス）が変更された可能性があります。</p>
<ul class="advice">
<li>ブラウザの再読み込みを行う</li>
<li>入力したURL（ページアドレス）にタイプミスがないか確認する</li>
<li>楽天グループのサービス一覧から探す<br>
<a href="//www.rakuten.co.jp/ri/sitemap.html">&gt;&gt;楽天グループのサービス一覧へ</a></li>
<li>ブラウザの「戻る」ボタンを押して前画面からやり直す</li>
</ul>
</div>
<hr>
<p id="footer">Copyright (c) RakutenTravel, Inc. All Rights Reserved.</p>
</body>
</html>
 
]]></system-out>
  </testcase>
  <testcase name="[4.2:54] TC004-AndroidDevicewithindexErrorPattern" classname="rakuten/zeromanual/mynotify/mynotify" time="0.196">
    <system-out><![CDATA[20:22:20.292 [main] INFO  com.intuit.karate - karate.env system property was: null 
20:22:20.292 [main] INFO  com.intuit.karate - karate.api.proxy system property was: http://stg-proxy.travel.rakuten.co.jp:9050 
20:22:20.293 [main] INFO  com.intuit.karate - karate.ui.proxy system property was: null 
20:22:20.293 [main] INFO  com.intuit.karate - karate.ui.showBrowser system property was: null 
20:22:20.303 [main] INFO  com.intuit.karate - [print] http://stg-proxy.travel.rakuten.co.jp:9050 
20:22:20.374 [main] INFO  com.intuit.karate - [print] http://stg-atrmynotify101z.stg.jp.local/mynotify/deviceLogin/index?rakuten_oauth_api=rakutentravel_myapi&akey=aLknnlK&method=put&apiClientId=travel_android&easyId=Ab 
20:22:20.374 [main] INFO  com.intuit.karate - [print] 404 
20:22:20.375 [main] INFO  com.intuit.karate - [print] <!DOCTYPE HTML PUBLIC "-//W3C//DTD HTML 4.01 Transitional//EN" "http://www.w3.org/TR/html4/loose.dtd">
<html lang="ja">
<head>
<meta http-equiv="Content-Type" content="text/html; charset=UTF-8">
<title> 楽天トラベル : 指定されたページが見つかりません（エラー404）</title>
<meta http-equiv="Content-Style-Type" content="text/css">
<style type="text/css">
<!--
h1,h2,h3,hr,ul,li,p {margin: 0; padding: 0;}
h1 {line-height: 1.1; margin: 0 5px; padding-top: 1.1em; font-size: 82%;}
h2 {color: #BF0000; font-size: 125%; border-top: 1px #71BF45 solid; padding: 10px 10px 0; line-height: 1.3;}
hr {display: none;}
#errorTxt {margin: 10px 0 0;}
.code{margin: 0; padding: 0 10px 10px; line-height: 1.3;}
.description{margin: 0px; padding: 10px; border-top: 1px #71BF45 solid; line-height: 1.3;}
.advice {margin: 0 30px 10px; list-style: disc; line-height: 1.3;}
#footer {border-top: 1px #999999 solid; padding: 10px 0 0; line-height: 1.4; font-size: 82%; text-align: center;}
-->
</style>
</head>
<body>
<h1><img src="/error/img/logo.gif" alt="楽天トラベル" width="81" height="43"></h1>
<hr>
<div id="errorTxt">
<h2>指定されたページが見つかりません</h2>
<p class="code">エラー ： 404 Not Found</p>
<p class="description">お手数ですが次のいずれかの方法でページをお探しください。<br>
なおリンクをクリックされていた場合、ページが削除された、またはURL（ページアドレス）が変更された可能性があります。</p>
<ul class="advice">
<li>ブラウザの再読み込みを行う</li>
<li>入力したURL（ページアドレス）にタイプミスがないか確認する</li>
<li>楽天グループのサービス一覧から探す<br>
<a href="//www.rakuten.co.jp/ri/sitemap.html">&gt;&gt;楽天グループのサービス一覧へ</a></li>
<li>ブラウザの「戻る」ボタンを押して前画面からやり直す</li>
</ul>
</div>
<hr>
<p id="footer">Copyright (c) RakutenTravel, Inc. All Rights Reserved.</p>
</body>
</html>
 
]]></system-out>
  </testcase>
  <testcase name="[4.3:54] TC006-AndroidDevicewithdeleteErrorPattern" classname="rakuten/zeromanual/mynotify/mynotify" time="1.461">
    <system-out><![CDATA[20:22:20.493 [main] INFO  com.intuit.karate - karate.env system property was: null 
20:22:20.494 [main] INFO  com.intuit.karate - karate.api.proxy system property was: http://stg-proxy.travel.rakuten.co.jp:9050 
20:22:20.495 [main] INFO  com.intuit.karate - karate.ui.proxy system property was: null 
20:22:20.496 [main] INFO  com.intuit.karate - karate.ui.showBrowser system property was: null 
20:22:20.509 [main] INFO  com.intuit.karate - [print] http://stg-proxy.travel.rakuten.co.jp:9050 
20:22:20.567 [main] INFO  com.intuit.karate - [print] http://stg-atrmynotify101z.stg.jp.local/mynotify/deviceLogin/delete?rakuten_oauth_api=rakutentravel_myapi&akey=aLknnlK&method=delete&apiClientId=travel_android&easyId=aaa 
20:22:20.568 [main] INFO  com.intuit.karate - [print] 404 
20:22:20.569 [main] INFO  com.intuit.karate - [print] <!DOCTYPE HTML PUBLIC "-//W3C//DTD HTML 4.01 Transitional//EN" "http://www.w3.org/TR/html4/loose.dtd">
<html lang="ja">
<head>
<meta http-equiv="Content-Type" content="text/html; charset=UTF-8">
<title> 楽天トラベル : 指定されたページが見つかりません（エラー404）</title>
<meta http-equiv="Content-Style-Type" content="text/css">
<style type="text/css">
<!--
h1,h2,h3,hr,ul,li,p {margin: 0; padding: 0;}
h1 {line-height: 1.1; margin: 0 5px; padding-top: 1.1em; font-size: 82%;}
h2 {color: #BF0000; font-size: 125%; border-top: 1px #71BF45 solid; padding: 10px 10px 0; line-height: 1.3;}
hr {display: none;}
#errorTxt {margin: 10px 0 0;}
.code{margin: 0; padding: 0 10px 10px; line-height: 1.3;}
.description{margin: 0px; padding: 10px; border-top: 1px #71BF45 solid; line-height: 1.3;}
.advice {margin: 0 30px 10px; list-style: disc; line-height: 1.3;}
#footer {border-top: 1px #999999 solid; padding: 10px 0 0; line-height: 1.4; font-size: 82%; text-align: center;}
-->
</style>
</head>
<body>
<h1><img src="/error/img/logo.gif" alt="楽天トラベル" width="81" height="43"></h1>
<hr>
<div id="errorTxt">
<h2>指定されたページが見つかりません</h2>
<p class="code">エラー ： 404 Not Found</p>
<p class="description">お手数ですが次のいずれかの方法でページをお探しください。<br>
なおリンクをクリックされていた場合、ページが削除された、またはURL（ページアドレス）が変更された可能性があります。</p>
<ul class="advice">
<li>ブラウザの再読み込みを行う</li>
<li>入力したURL（ページアドレス）にタイプミスがないか確認する</li>
<li>楽天グループのサービス一覧から探す<br>
<a href="//www.rakuten.co.jp/ri/sitemap.html">&gt;&gt;楽天グループのサービス一覧へ</a></li>
<li>ブラウザの「戻る」ボタンを押して前画面からやり直す</li>
</ul>
</div>
<hr>
<p id="footer">Copyright (c) RakutenTravel, Inc. All Rights Reserved.</p>
</body>
</html>
 
---------------------------------------------------------
feature: classpath:rakuten/zeromanual/mynotify/mynotify.feature
scenarios: 12 | passed: 12 | failed:  0 | time: 1.4838
---------------------------------------------------------

Karate version: 1.4.1
======================================================
elapsed:   6.05 | threads:    1 | thread time: 1.48 
features:     1 | skipped:    0 | efficiency: 0.25
scenarios:   12 | passed:    12 | failed: 0
======================================================

HTML report: (paste into browser to view) | Karate version: 1.4.1
file:///C:/Users/os-tingting.liu/Downloads/test-automation-karate-feature-extent-report-yanni/target/karate-reports/karate-summary.html
===================================================================

]]></system-out>
  </testcase>
</testsuite>